12:14:23.784 [main] INFO  - Checking whether Living Menu is Displayed
12:14:24.027 [main] INFO  - Hovering Living Menu
12:14:24.028 [main] INFO  - Checks whether Bookshelf is Displayed
12:14:25.567 [main] INFO  - Selects BookShelf from Living Menu
12:14:30.770 [main] INFO  - Handles PopUp
12:14:31.223 [main] INFO  - Checks whether Price Filter is Displayed
12:14:39.053 [main] INFO  - Sets Price Range below Rs.15000
12:14:46.748 [main] INFO  - Selects Storage Type as Open
12:14:47.037 [main] INFO  - Checks Out of Stock CheckBox
12:14:47.487 [main] INFO  - Sorts Based on Highly Recommended
12:14:47.833 [main] INFO  - Displays First Three Products and its Prices
12:14:47.833 [main] INFO  - Displays First Three Products and its Prices
12:14:47.878 [main] INFO  - Displays First Three Products and its Prices
12:14:47.928 [main] INFO  - Displays First Three Products and its Prices
12:14:56.595 [main] DEBUG - Parsing relationship: /xl/_rels/workbook.xml.rels
12:14:56.600 [main] DEBUG - Parsing relationship: /xl/worksheets/_rels/sheet1.xml.rels
12:14:56.636 [main] DEBUG - Parsing relationship: /_rels/.rels
12:14:56.810 [main] TRACE - Loading type system org.apache.poi.schemas.ooxml.system.ooxml
12:14:56.812 [main] TRACE - Loading type system org.apache.xmlbeans.metadata.system.sXMLCONFIG
12:14:56.813 [main] TRACE - Loading type system org.apache.xmlbeans.metadata.system.sXMLLANG
12:14:56.813 [main] TRACE - Loading type system org.apache.xmlbeans.metadata.system.sXMLSCHEMA
12:14:56.814 [main] TRACE - Loading type system org.apache.xmlbeans.metadata.system.sXMLTOOLS
12:14:56.815 [main] TRACE - Reading unresolved handles for type system org.apache.xmlbeans.metadata.system.sXMLTOOLS
12:14:56.825 [main] TRACE - Finished loading type system org.apache.xmlbeans.metadata.system.sXMLTOOLS
12:14:56.826 [main] TRACE - Reading unresolved handles for type system org.apache.xmlbeans.metadata.system.sXMLSCHEMA
12:14:56.829 [main] TRACE - Finished loading type system org.apache.xmlbeans.metadata.system.sXMLSCHEMA
12:14:56.830 [main] TRACE - Reading unresolved handles for type system org.apache.xmlbeans.metadata.system.sXMLLANG
12:14:56.832 [main] TRACE - Finished loading type system org.apache.xmlbeans.metadata.system.sXMLLANG
12:14:56.833 [main] TRACE - Reading unresolved handles for type system org.apache.xmlbeans.metadata.system.sXMLCONFIG
12:14:56.834 [main] TRACE - Finished loading type system org.apache.xmlbeans.metadata.system.sXMLCONFIG
12:14:56.834 [main] TRACE - Reading unresolved handles for type system org.apache.poi.schemas.ooxml.system.ooxml
12:14:56.872 [main] TRACE - Finished loading type system org.apache.poi.schemas.ooxml.system.ooxml
12:14:56.873 [main] TRACE - Resolving type for handle themefd26doctype
12:14:56.919 [main] TRACE - Resolving type for handle stylesheet5d8bdoctype
12:14:56.926 [main] TRACE - Resolving type for handle ctstylesheet4257type
12:14:56.930 [main] TRACE - Resolving type for handle ctnumfmtsb58btype
12:14:56.933 [main] TRACE - Resolving type for handle ctfonts6623type
12:14:56.936 [main] TRACE - Resolving type for handle ctfont14d8type
12:14:56.942 [main] TRACE - Resolving type for handle ctfills2c6ftype
12:14:56.945 [main] TRACE - Resolving type for handle ctfill550ctype
12:14:56.947 [main] TRACE - Resolving type for handle ctborders0d66type
12:14:56.949 [main] TRACE - Resolving type for handle ctborderf935type
12:14:56.953 [main] TRACE - Resolving type for handle ctcellxfs1322type
12:14:56.956 [main] TRACE - Resolving type for handle ctxf97f7type
12:14:56.958 [main] TRACE - Resolving type for handle ctcellstylexfsa81ftype
12:14:56.961 [main] TRACE - Resolving type for handle ctdxfsb26atype
12:14:56.968 [main] TRACE - Resolving type for handle cttablestyles872ftype
12:14:56.974 [main] TRACE - Resolving type for handle sstf81fdoctype
12:14:56.981 [main] TRACE - Resolving type for handle ctsst44f3type
12:14:56.994 [main] TRACE - Resolving type for handle ctrsta472type
12:14:57.013 [main] TRACE - Resolving type for handle workbookec17doctype
12:14:57.034 [main] TRACE - Resolving type for handle ctworkbook83c3type
12:14:57.042 [main] TRACE - Resolving type for handle ctsheets49fdtype
12:14:57.047 [main] TRACE - Resolving type for handle ctsheet4dbetype
12:14:57.049 [main] TRACE - Resolving type for handle strelationshipid1e94type
12:14:57.050 [main] TRACE - Resolving type for handle worksheetf539doctype
12:14:57.054 [main] TRACE - Resolving type for handle ctworksheet530dtype
12:14:57.063 [main] TRACE - Resolving type for handle ctcols627ctype
12:14:57.067 [main] TRACE - Resolving type for handle ctcola95ftype
12:14:57.080 [main] TRACE - Resolving type for handle ctsheetdata8408type
12:14:57.083 [main] TRACE - Resolving type for handle ctrowdd39type
12:14:57.087 [main] TRACE - Resolving type for handle ctcell842btype
12:14:57.093 [main] TRACE - Resolving type for handle stcellrefe4e0type
12:14:57.097 [main] TRACE - Resolving type for handle cthyperlinks6416type
12:14:57.100 [main] TRACE - Resolving type for handle cthyperlink0c85type
12:14:57.109 [main] TRACE - Resolving type for handle stxstringf179type
12:14:57.112 [main] TRACE - Resolving type for handle stcelltypebf95type
12:15:01.837 [main] DEBUG - Parsing relationship: /xl/_rels/workbook.xml.rels
12:15:01.838 [main] DEBUG - Parsing relationship: /xl/worksheets/_rels/sheet1.xml.rels
12:15:01.839 [main] DEBUG - Parsing relationship: /_rels/.rels
12:15:01.879 [main] TRACE - Resolving type for handle stcellstylexfid70c7type
12:15:01.889 [main] TRACE - Resolving type for handle ctsheetdimensiond310type
12:15:01.893 [main] TRACE - Resolving type for handle stref90a2type
12:15:01.917 [main] TRACE - Resolving type for handle propertiesee84doctype
12:15:01.924 [main] TRACE - Resolving type for handle ctproperties3f10type
12:15:01.933 [main] TRACE - Resolving type for handle properties288cdoctype
12:15:01.936 [main] TRACE - Resolving type for handle ctproperties2c18type
12:15:01.949 [main] DEBUG - Save content types part
12:15:02.031 [main] DEBUG - Save package relationships
12:15:02.033 [main] DEBUG - Save part 'docProps/app.xml'
12:15:02.034 [main] DEBUG - Save part 'docProps/core.xml'
12:15:02.037 [main] DEBUG - Save part 'xl/sharedStrings.xml'
12:15:02.037 [main] DEBUG - Save part 'xl/styles.xml'
12:15:02.038 [main] DEBUG - Save part 'xl/theme/theme1.xml'
12:15:02.038 [main] DEBUG - Save part 'xl/workbook.xml'
12:15:02.040 [main] DEBUG - Save part 'xl/worksheets/sheet1.xml'
12:15:02.070 [main] DEBUG - Parsing relationship: /xl/_rels/workbook.xml.rels
12:15:02.072 [main] DEBUG - Parsing relationship: /xl/worksheets/_rels/sheet1.xml.rels
12:15:02.073 [main] DEBUG - Parsing relationship: /_rels/.rels
12:15:02.096 [main] TRACE - Resolving type for handle stnumfmtid76fbtype
12:15:02.100 [main] TRACE - Resolving type for handle stfontid9d63type
12:15:02.100 [main] TRACE - Resolving type for handle stfillida097type
12:15:02.103 [main] TRACE - Resolving type for handle stborderid1a80type
12:15:02.105 [main] TRACE - Resolving type for handle ctcolord2c2type
12:15:02.110 [main] TRACE - Resolving type for handle ctpatternfill7452type
12:15:02.112 [main] TRACE - Resolving type for handle stpatterntype7939type
12:15:02.128 [main] DEBUG - Save content types part
12:15:02.129 [main] DEBUG - Save package relationships
12:15:02.130 [main] DEBUG - Save part 'docProps/app.xml'
12:15:02.131 [main] DEBUG - Save part 'docProps/core.xml'
12:15:02.132 [main] DEBUG - Save part 'xl/sharedStrings.xml'
12:15:02.132 [main] DEBUG - Save part 'xl/styles.xml'
12:15:02.132 [main] DEBUG - Save part 'xl/theme/theme1.xml'
12:15:02.132 [main] DEBUG - Save part 'xl/workbook.xml'
12:15:02.134 [main] DEBUG - Save part 'xl/worksheets/sheet1.xml'
12:15:10.110 [main] DEBUG - Parsing relationship: /xl/_rels/workbook.xml.rels
12:15:10.111 [main] DEBUG - Parsing relationship: /xl/worksheets/_rels/sheet1.xml.rels
12:15:10.112 [main] DEBUG - Parsing relationship: /_rels/.rels
12:15:14.641 [main] DEBUG - Parsing relationship: /xl/_rels/workbook.xml.rels
12:15:14.641 [main] DEBUG - Parsing relationship: /xl/worksheets/_rels/sheet1.xml.rels
12:15:14.642 [main] DEBUG - Parsing relationship: /_rels/.rels
12:15:14.666 [main] DEBUG - Save content types part
12:15:14.666 [main] DEBUG - Save package relationships
12:15:14.670 [main] DEBUG - Save part 'docProps/app.xml'
12:15:14.670 [main] DEBUG - Save part 'docProps/core.xml'
12:15:14.670 [main] DEBUG - Save part 'xl/sharedStrings.xml'
12:15:14.672 [main] DEBUG - Save part 'xl/styles.xml'
12:15:14.672 [main] DEBUG - Save part 'xl/theme/theme1.xml'
12:15:14.672 [main] DEBUG - Save part 'xl/workbook.xml'
12:15:14.674 [main] DEBUG - Save part 'xl/worksheets/sheet1.xml'
12:15:14.700 [main] DEBUG - Parsing relationship: /xl/_rels/workbook.xml.rels
12:15:14.700 [main] DEBUG - Parsing relationship: /xl/worksheets/_rels/sheet1.xml.rels
12:15:14.700 [main] DEBUG - Parsing relationship: /_rels/.rels
12:15:14.718 [main] DEBUG - Save content types part
12:15:14.719 [main] DEBUG - Save package relationships
12:15:14.720 [main] DEBUG - Save part 'docProps/app.xml'
12:15:14.721 [main] DEBUG - Save part 'docProps/core.xml'
12:15:14.721 [main] DEBUG - Save part 'xl/sharedStrings.xml'
12:15:14.721 [main] DEBUG - Save part 'xl/styles.xml'
12:15:14.722 [main] DEBUG - Save part 'xl/theme/theme1.xml'
12:15:14.722 [main] DEBUG - Save part 'xl/workbook.xml'
12:15:14.723 [main] DEBUG - Save part 'xl/worksheets/sheet1.xml'
12:15:15.099 [main] INFO  - Navigates Back to HomePage
12:15:22.515 [main] INFO  - Hovers Living Menu
12:15:23.012 [main] INFO  - Collects all SubMenu items in a List and Displaying the same
12:15:25.340 [main] INFO  - Enters Search String Value from Feature File
12:15:25.621 [main] INFO  - Selects DropDown
12:15:25.708 [main] INFO  - Sorts Price from Low to High
12:15:25.804 [main] INFO  - Handles PopUp
12:15:35.884 [main] INFO  - Selects the Out of Stock Ribbon
12:15:36.332 [main] INFO  - Enters Mail ID from the Data Table in Feature File
12:15:41.468 [main] INFO  - Enters Number from the Data Table in Feature File
12:15:41.580 [main] INFO  - Enters Let Me Know Button after filling the fields
12:15:41.734 [main] INFO  - Validating Success Message
12:17:03.341 [main] INFO  - Checking whether Living Menu is Displayed
12:17:03.541 [main] INFO  - Hovering Living Menu
12:17:03.541 [main] INFO  - Checks whether Bookshelf is Displayed
12:17:05.029 [main] INFO  - Selects BookShelf from Living Menu
12:17:10.223 [main] INFO  - Handles PopUp
12:17:10.669 [main] INFO  - Checks whether Price Filter is Displayed
12:17:18.488 [main] INFO  - Sets Price Range below Rs.15000
12:17:26.162 [main] INFO  - Selects Storage Type as Open
12:17:26.373 [main] INFO  - Checks Out of Stock CheckBox
12:17:26.741 [main] INFO  - Sorts Based on Highly Recommended
12:17:27.126 [main] INFO  - Displays First Three Products and its Prices
12:17:27.126 [main] INFO  - Displays First Three Products and its Prices
12:17:27.171 [main] INFO  - Displays First Three Products and its Prices
12:17:27.252 [main] INFO  - Displays First Three Products and its Prices
12:17:55.960 [main] INFO  - Navigates Back to HomePage
12:18:03.072 [main] INFO  - Hovers Living Menu
12:18:03.575 [main] INFO  - Collects all SubMenu items in a List and Displaying the same
12:18:05.928 [main] INFO  - Enters Search String Value from Feature File
12:18:06.220 [main] INFO  - Selects DropDown
12:18:06.341 [main] INFO  - Sorts Price from Low to High
12:18:06.457 [main] INFO  - Handles PopUp
12:18:16.545 [main] INFO  - Selects the Out of Stock Ribbon
12:18:17.000 [main] INFO  - Enters Mail ID from the Data Table in Feature File
12:18:22.139 [main] INFO  - Enters Number from the Data Table in Feature File
12:18:22.265 [main] INFO  - Enters Let Me Know Button after filling the fields
12:18:22.398 [main] INFO  - Validating Success Message
12:39:43.804 [main] INFO  - Checking whether Living Menu is Displayed
12:39:44.018 [main] INFO  - Hovering Living Menu
12:39:44.018 [main] INFO  - Checks whether Bookshelf is Displayed
12:39:45.312 [main] INFO  - Selects BookShelf from Living Menu
12:39:50.505 [main] INFO  - Handles PopUp
12:39:50.972 [main] INFO  - Checks whether Price Filter is Displayed
12:39:58.832 [main] INFO  - Sets Price Range below Rs.15000
12:40:06.536 [main] INFO  - Selects Storage Type as Open
12:40:06.766 [main] INFO  - Checks Out of Stock CheckBox
12:40:07.104 [main] INFO  - Sorts Based on Highly Recommended
12:40:07.372 [main] INFO  - Displays First Three Products and its Prices
12:40:07.372 [main] INFO  - Displays First Three Products and its Prices
12:40:07.415 [main] INFO  - Displays First Three Products and its Prices
12:40:07.451 [main] INFO  - Displays First Three Products and its Prices
12:40:34.188 [main] INFO  - Navigates Back to HomePage
12:40:41.993 [main] INFO  - Hovers Living Menu
12:40:42.485 [main] INFO  - Collects all SubMenu items in a List and Displaying the same
12:40:45.175 [main] INFO  - Enters Search String Value from Feature File
12:40:45.464 [main] INFO  - Selects DropDown
12:40:45.555 [main] INFO  - Sorts Price from Low to High
12:40:45.664 [main] INFO  - Handles PopUp
12:40:55.732 [main] INFO  - Selects the Out of Stock Ribbon
12:40:56.898 [main] INFO  - Enters Mail ID from the Data Table in Feature File
12:41:02.028 [main] INFO  - Enters Number from the Data Table in Feature File
12:41:02.132 [main] INFO  - Enters Let Me Know Button after filling the fields
12:41:02.298 [main] INFO  - Validating Success Message
13:52:24.503 [main] INFO  - Checking whether Living Menu is Displayed
13:52:24.726 [main] INFO  - Hovering Living Menu
13:52:24.726 [main] INFO  - Checks whether Bookshelf is Displayed
13:52:25.908 [main] INFO  - Selects BookShelf from Living Menu
13:52:31.068 [main] INFO  - Handles PopUp
13:52:31.457 [main] INFO  - Checks whether Price Filter is Displayed
13:52:39.374 [main] INFO  - Sets Price Range below Rs.15000
13:52:47.071 [main] INFO  - Selects Storage Type as Open
13:52:47.268 [main] INFO  - Checks Out of Stock CheckBox
13:52:47.602 [main] INFO  - Sorts Based on Highly Recommended
13:52:47.938 [main] INFO  - Displays First Three Products and its Prices
13:52:47.938 [main] INFO  - Displays First Three Products and its Prices
13:52:47.993 [main] INFO  - Displays First Three Products and its Prices
13:52:48.057 [main] INFO  - Displays First Three Products and its Prices
13:53:14.422 [main] INFO  - Navigates Back to HomePage
13:53:26.341 [main] INFO  - Hovers Living Menu
13:53:26.783 [main] INFO  - Collects all SubMenu items in a List and Displaying the same
13:53:29.656 [main] INFO  - Enters Search String Value from Feature File
13:53:29.885 [main] INFO  - Selects DropDown
13:53:30.022 [main] INFO  - Sorts Price from Low to High
13:53:30.102 [main] INFO  - Handles PopUp
13:53:40.165 [main] INFO  - Selects the Out of Stock Ribbon
13:53:40.447 [main] INFO  - Enters Mail ID from the Data Table in Feature File
13:53:45.583 [main] INFO  - Enters Number from the Data Table in Feature File
13:53:45.687 [main] INFO  - Enters Let Me Know Button after filling the fields
13:53:45.815 [main] INFO  - Validating Success Message
14:22:34.297 [main] INFO  - Checking whether Living Menu is Displayed
14:22:34.585 [main] INFO  - Hovering Living Menu
14:22:34.585 [main] INFO  - Checks whether Bookshelf is Displayed
14:22:36.550 [main] INFO  - Selects BookShelf from Living Menu
14:22:41.936 [main] INFO  - Handles PopUp
14:22:42.844 [main] INFO  - Checks whether Price Filter is Displayed
14:22:50.661 [main] INFO  - Sets Price Range below Rs.15000
14:22:58.574 [main] INFO  - Selects Storage Type as Open
14:22:58.952 [main] INFO  - Checks Out of Stock CheckBox
14:22:59.488 [main] INFO  - Sorts Based on Highly Recommended
14:23:00.079 [main] INFO  - Displays First Three Products and its Prices
14:23:00.079 [main] INFO  - Displays First Three Products and its Prices
14:23:00.377 [main] INFO  - Displays First Three Products and its Prices
14:23:00.455 [main] INFO  - Displays First Three Products and its Prices
14:23:35.288 [main] INFO  - Navigates Back to HomePage
14:23:44.162 [main] INFO  - Hovers Living Menu
14:23:44.993 [main] INFO  - Collects all SubMenu items in a List and Displaying the same
14:23:48.608 [main] INFO  - Enters Search String Value from Feature File
14:23:49.144 [main] INFO  - Selects DropDown
14:23:49.381 [main] INFO  - Sorts Price from Low to High
14:23:49.607 [main] INFO  - Handles PopUp
14:23:59.746 [main] INFO  - Selects the Out of Stock Ribbon
14:24:00.387 [main] INFO  - Enters Mail ID from the Data Table in Feature File
14:24:05.585 [main] INFO  - Enters Number from the Data Table in Feature File
14:24:05.776 [main] INFO  - Enters Let Me Know Button after filling the fields
14:24:06.020 [main] INFO  - Validating Success Message
14:24:57.621 [main] INFO  - Checking whether Living Menu is Displayed
14:24:57.888 [main] INFO  - Hovering Living Menu
14:24:57.889 [main] INFO  - Checks whether Bookshelf is Displayed
14:24:59.721 [main] INFO  - Selects BookShelf from Living Menu
14:25:04.922 [main] INFO  - Handles PopUp
14:25:05.493 [main] INFO  - Checks whether Price Filter is Displayed
14:25:13.333 [main] INFO  - Sets Price Range below Rs.15000
14:25:21.150 [main] INFO  - Selects Storage Type as Open
14:25:21.453 [main] INFO  - Checks Out of Stock CheckBox
14:25:21.901 [main] INFO  - Sorts Based on Highly Recommended
14:25:22.415 [main] INFO  - Displays First Three Products and its Prices
14:25:22.415 [main] INFO  - Displays First Three Products and its Prices
14:25:22.567 [main] INFO  - Displays First Three Products and its Prices
14:25:22.711 [main] INFO  - Displays First Three Products and its Prices
14:25:52.965 [main] INFO  - Navigates Back to HomePage
14:26:01.424 [main] INFO  - Hovers Living Menu
14:26:02.491 [main] INFO  - Collects all SubMenu items in a List and Displaying the same
14:26:05.945 [main] INFO  - Enters Search String Value from Feature File
14:26:06.450 [main] INFO  - Selects DropDown
14:26:06.604 [main] INFO  - Sorts Price from Low to High
14:26:06.736 [main] INFO  - Handles PopUp
14:26:16.836 [main] INFO  - Selects the Out of Stock Ribbon
14:26:17.195 [main] INFO  - Enters Mail ID from the Data Table in Feature File
14:26:22.338 [main] INFO  - Enters Number from the Data Table in Feature File
14:26:22.482 [main] INFO  - Enters Let Me Know Button after filling the fields
14:26:22.665 [main] INFO  - Validating Success Message
15:17:59.674 [main] INFO  - Checking whether Living Menu is Displayed
15:17:59.945 [main] INFO  - Hovering Living Menu
15:17:59.945 [main] INFO  - Checks whether Bookshelf is Displayed
15:18:02.011 [main] INFO  - Selects BookShelf from Living Menu
15:18:07.655 [main] INFO  - Handles PopUp
15:18:08.570 [main] INFO  - Checks whether Price Filter is Displayed
15:18:16.324 [main] INFO  - Sets Price Range below Rs.15000
15:18:24.134 [main] INFO  - Selects Storage Type as Open
15:18:24.464 [main] INFO  - Checks Out of Stock CheckBox
15:18:24.967 [main] INFO  - Sorts Based on Highly Recommended
15:18:25.496 [main] INFO  - Displays First Three Products and its Prices
15:18:25.496 [main] INFO  - Displays First Three Products and its Prices
15:18:25.651 [main] INFO  - Displays First Three Products and its Prices
15:19:07.237 [main] INFO  - Navigates Back to HomePage
15:19:15.488 [main] INFO  - Hovers Living Menu
15:19:16.327 [main] INFO  - Collects all SubMenu items in a List and Displaying the same
15:19:20.507 [main] INFO  - Enters Search String Value from Feature File
15:19:21.160 [main] INFO  - Selects DropDown
15:19:21.309 [main] INFO  - Sorts Price from Low to High
15:19:21.481 [main] INFO  - Handles PopUp
15:19:31.579 [main] INFO  - Selects the Out of Stock Ribbon
15:19:32.037 [main] INFO  - Enters Mail ID from the Data Table in Feature File
15:24:02.562 [main] INFO  - Checking whether Living Menu is Displayed
15:24:02.901 [main] INFO  - Hovering Living Menu
15:24:02.901 [main] INFO  - Checks whether Bookshelf is Displayed
15:24:05.267 [main] INFO  - Selects BookShelf from Living Menu
15:24:10.624 [main] INFO  - Handles PopUp
15:24:11.508 [main] INFO  - Checks whether Price Filter is Displayed
15:24:19.277 [main] INFO  - Sets Price Range below Rs.15000
15:24:27.204 [main] INFO  - Selects Storage Type as Open
15:24:27.578 [main] INFO  - Checks Out of Stock CheckBox
15:24:28.224 [main] INFO  - Sorts Based on Highly Recommended
15:24:29.131 [main] INFO  - Displays First Three Products and its Prices
15:24:29.131 [main] INFO  - Displays First Three Products and its Prices
15:24:29.216 [main] INFO  - Displays First Three Products and its Prices
15:24:29.287 [main] INFO  - Displays First Three Products and its Prices
15:25:01.892 [main] INFO  - Navigates Back to HomePage
15:25:10.660 [main] INFO  - Hovers Living Menu
15:25:11.355 [main] INFO  - Collects all SubMenu items in a List and Displaying the same
15:25:14.878 [main] INFO  - Enters Search String Value from Feature File
15:25:15.412 [main] INFO  - Selects DropDown
15:25:15.686 [main] INFO  - Sorts Price from Low to High
15:25:15.890 [main] INFO  - Handles PopUp
15:25:25.977 [main] INFO  - Selects the Out of Stock Ribbon
15:25:26.391 [main] INFO  - Enters Mail ID from the Data Table in Feature File
15:25:31.553 [main] INFO  - Enters Number from the Data Table in Feature File
15:25:31.742 [main] INFO  - Enters Let Me Know Button after filling the fields
15:25:31.993 [main] INFO  - Validating Success Message
15:43:57.292 [main] INFO  - Checking whether Living Menu is Displayed
15:43:57.520 [main] INFO  - Hovering Living Menu
15:43:57.520 [main] INFO  - Checks whether Bookshelf is Displayed
15:44:00.420 [main] INFO  - Selects BookShelf from Living Menu
15:44:05.855 [main] INFO  - Handles PopUp
15:44:06.611 [main] INFO  - Checks whether Price Filter is Displayed
15:44:14.341 [main] INFO  - Sets Price Range below Rs.15000
15:44:22.082 [main] INFO  - Selects Storage Type as Open
15:44:22.399 [main] INFO  - Checks Out of Stock CheckBox
15:44:22.881 [main] INFO  - Sorts Based on Highly Recommended
15:44:23.310 [main] INFO  - Displays First Three Products and its Prices
15:44:23.310 [main] INFO  - Displays First Three Products and its Prices
15:44:23.371 [main] INFO  - Displays First Three Products and its Prices
15:44:23.469 [main] INFO  - Displays First Three Products and its Prices
15:44:54.441 [main] INFO  - Navigates Back to HomePage
15:45:02.224 [main] INFO  - Hovers Living Menu
15:45:02.962 [main] INFO  - Collects all SubMenu items in a List and Displaying the same
15:45:09.727 [main] INFO  - Enters Search String Value from Feature File
15:45:10.124 [main] INFO  - Selects DropDown
15:45:10.288 [main] INFO  - Sorts Price from Low to High
15:45:10.414 [main] INFO  - Handles PopUp
15:45:20.569 [main] INFO  - Selects the Out of Stock Ribbon
15:45:20.959 [main] INFO  - Enters Mail ID from the Data Table in Feature File
15:45:26.108 [main] INFO  - Enters Number from the Data Table in Feature File
15:45:26.237 [main] INFO  - Enters Let Me Know Button after filling the fields
15:45:26.410 [main] INFO  - Validating Success Message
21:28:20.775 [main] INFO  - Checking whether Living Menu is Displayed
21:28:21.045 [main] INFO  - Hovering Living Menu
21:28:21.045 [main] INFO  - Checks whether Bookshelf is Displayed
21:28:24.976 [main] INFO  - Selects BookShelf from Living Menu
21:28:30.281 [main] INFO  - Handles PopUp
21:28:30.918 [main] INFO  - Checks whether Price Filter is Displayed
21:28:38.857 [main] INFO  - Sets Price Range below Rs.15000
21:28:46.702 [main] INFO  - Selects Storage Type as Open
21:28:47.054 [main] INFO  - Checks Out of Stock CheckBox
21:28:47.598 [main] INFO  - Sorts Based on Highly Recommended
21:28:48.091 [main] INFO  - Displays First Three Products and its Prices
21:28:48.092 [main] INFO  - Displays First Three Products and its Prices
21:28:48.170 [main] INFO  - Displays First Three Products and its Prices
21:28:48.241 [main] INFO  - Displays First Three Products and its Prices
21:29:21.686 [main] INFO  - Navigates Back to HomePage
21:29:29.866 [main] INFO  - Hovers Living Menu
21:29:35.427 [main] INFO  - Collects all SubMenu items in a List and Displaying the same
21:29:48.949 [main] INFO  - Enters Search String Value from Feature File
21:29:49.433 [main] INFO  - Selects DropDown
21:29:49.786 [main] INFO  - Sorts Price from Low to High
21:29:49.990 [main] INFO  - Handles PopUp
21:30:00.111 [main] INFO  - Selects the Out of Stock Ribbon
21:30:00.519 [main] INFO  - Enters Mail ID from the Data Table in Feature File
21:30:05.777 [main] INFO  - Enters Number from the Data Table in Feature File
21:30:05.980 [main] INFO  - Enters Let Me Know Button after filling the fields
21:30:06.186 [main] INFO  - Validating Success Message
21:32:08.678 [main] INFO  - Checking whether Living Menu is Displayed
21:32:08.959 [main] INFO  - Hovering Living Menu
21:32:08.960 [main] INFO  - Checks whether Bookshelf is Displayed
21:32:11.849 [main] INFO  - Selects BookShelf from Living Menu
21:32:17.130 [main] INFO  - Handles PopUp
21:32:17.726 [main] INFO  - Checks whether Price Filter is Displayed
21:32:25.602 [main] INFO  - Sets Price Range below Rs.15000
21:32:33.645 [main] INFO  - Selects Storage Type as Open
21:32:34.756 [main] INFO  - Checks Out of Stock CheckBox
21:32:35.773 [main] INFO  - Sorts Based on Highly Recommended
21:32:36.481 [main] INFO  - Displays First Three Products and its Prices
21:32:36.482 [main] INFO  - Displays First Three Products and its Prices
21:32:36.560 [main] INFO  - Displays First Three Products and its Prices
21:32:36.624 [main] INFO  - Displays First Three Products and its Prices
21:33:09.096 [main] INFO  - Navigates Back to HomePage
21:33:16.514 [main] INFO  - Hovers Living Menu
21:33:22.067 [main] INFO  - Collects all SubMenu items in a List and Displaying the same
21:33:35.337 [main] INFO  - Enters Search String Value from Feature File
21:33:36.007 [main] INFO  - Selects DropDown
21:33:36.251 [main] INFO  - Sorts Price from Low to High
21:33:36.485 [main] INFO  - Handles PopUp
21:33:46.568 [main] INFO  - Selects the Out of Stock Ribbon
21:33:46.940 [main] INFO  - Enters Mail ID from the Data Table in Feature File
21:33:52.121 [main] INFO  - Enters Number from the Data Table in Feature File
21:33:52.280 [main] INFO  - Enters Let Me Know Button after filling the fields
21:33:52.468 [main] INFO  - Validating Success Message
09:04:41.081 [main] INFO  - Checking whether Living Menu is Displayed
09:04:41.335 [main] INFO  - Hovering Living Menu
09:04:41.335 [main] INFO  - Checks whether Bookshelf is Displayed
09:04:43.200 [main] INFO  - Selects BookShelf from Living Menu
09:04:48.418 [main] INFO  - Handles PopUp
09:04:49.082 [main] INFO  - Checks whether Price Filter is Displayed
09:04:56.893 [main] INFO  - Sets Price Range below Rs.15000
09:05:04.720 [main] INFO  - Selects Storage Type as Open
09:05:05.074 [main] INFO  - Checks Out of Stock CheckBox
09:05:05.584 [main] INFO  - Sorts Based on Highly Recommended
09:05:06.002 [main] INFO  - Displays First Three Products and its Prices
09:05:06.002 [main] INFO  - Displays First Three Products and its Prices
09:05:06.068 [main] INFO  - Displays First Three Products and its Prices
09:05:06.139 [main] INFO  - Displays First Three Products and its Prices
09:05:36.411 [main] INFO  - Navigates Back to HomePage
09:05:44.825 [main] INFO  - Hovers Living Menu
09:05:50.364 [main] INFO  - Collects all SubMenu items in a List and Displaying the same
09:06:03.363 [main] INFO  - Enters Search String Value from Feature File
09:06:03.744 [main] INFO  - Selects DropDown
09:06:03.941 [main] INFO  - Sorts Price from Low to High
09:06:04.058 [main] INFO  - Handles PopUp
09:06:14.170 [main] INFO  - Selects the Out of Stock Ribbon
09:06:14.562 [main] INFO  - Enters Mail ID from the Data Table in Feature File
09:06:19.759 [main] INFO  - Enters Number from the Data Table in Feature File
09:06:19.921 [main] INFO  - Enters Let Me Know Button after filling the fields
09:06:20.092 [main] INFO  - Validating Success Message
14:34:38.208 [main] INFO  - Checking whether Living Menu is Displayed
14:34:38.562 [main] INFO  - Hovering Living Menu
14:34:38.563 [main] INFO  - Checks whether Bookshelf is Displayed
14:34:40.706 [main] INFO  - Selects BookShelf from Living Menu
14:34:46.275 [main] INFO  - Handles PopUp
14:34:47.725 [main] INFO  - Checks whether Price Filter is Displayed
14:34:55.670 [main] INFO  - Sets Price Range below Rs.15000
14:35:03.827 [main] INFO  - Selects Storage Type as Open
14:35:04.319 [main] INFO  - Checks Out of Stock CheckBox
14:35:05.280 [main] INFO  - Sorts Based on Highly Recommended
14:35:06.171 [main] INFO  - Displays First Three Products and its Prices
14:35:06.171 [main] INFO  - Displays First Three Products and its Prices
14:35:06.422 [main] INFO  - Displays First Three Products and its Prices
14:35:06.508 [main] INFO  - Displays First Three Products and its Prices
14:35:45.551 [main] INFO  - Navigates Back to HomePage
14:35:53.362 [main] INFO  - Hovers Living Menu
14:35:59.182 [main] INFO  - Collects all SubMenu items in a List and Displaying the same
14:36:13.280 [main] INFO  - Enters Search String Value from Feature File
14:36:13.721 [main] INFO  - Selects DropDown
14:36:13.890 [main] INFO  - Sorts Price from Low to High
14:36:14.049 [main] INFO  - Handles PopUp
14:36:24.197 [main] INFO  - Selects the Out of Stock Ribbon
14:36:24.680 [main] INFO  - Enters Mail ID from the Data Table in Feature File
14:36:29.977 [main] INFO  - Enters Number from the Data Table in Feature File
14:36:30.186 [main] INFO  - Enters Let Me Know Button after filling the fields
14:36:30.438 [main] INFO  - Validating Success Message
14:38:52.856 [main] INFO  - Checking whether Living Menu is Displayed
14:38:53.123 [main] INFO  - Hovering Living Menu
14:38:53.123 [main] INFO  - Checks whether Bookshelf is Displayed
14:38:55.574 [main] INFO  - Selects BookShelf from Living Menu
14:39:01.068 [main] INFO  - Handles PopUp
14:39:02.155 [main] INFO  - Checks whether Price Filter is Displayed
14:39:09.952 [main] INFO  - Sets Price Range below Rs.15000
14:39:18.026 [main] INFO  - Selects Storage Type as Open
14:39:18.656 [main] INFO  - Checks Out of Stock CheckBox
14:39:19.820 [main] INFO  - Sorts Based on Highly Recommended
14:39:20.488 [main] INFO  - Displays First Three Products and its Prices
14:39:20.488 [main] INFO  - Displays First Three Products and its Prices
14:39:20.618 [main] INFO  - Displays First Three Products and its Prices
14:39:20.706 [main] INFO  - Displays First Three Products and its Prices
14:39:59.166 [main] INFO  - Navigates Back to HomePage
14:40:06.382 [main] INFO  - Hovers Living Menu
14:40:12.016 [main] INFO  - Collects all SubMenu items in a List and Displaying the same
14:40:26.704 [main] INFO  - Enters Search String Value from Feature File
14:40:27.256 [main] INFO  - Selects DropDown
14:40:27.393 [main] INFO  - Sorts Price from Low to High
14:40:27.559 [main] INFO  - Handles PopUp
14:40:37.665 [main] INFO  - Selects the Out of Stock Ribbon
14:40:38.211 [main] INFO  - Enters Mail ID from the Data Table in Feature File
14:40:43.460 [main] INFO  - Enters Number from the Data Table in Feature File
14:40:43.640 [main] INFO  - Enters Let Me Know Button after filling the fields
14:40:43.867 [main] INFO  - Validating Success Message
05:31:46.625 [main] INFO  - Checking whether Living Menu is Displayed
05:31:47.127 [main] INFO  - Hovering Living Menu
05:31:47.127 [main] INFO  - Checks whether Bookshelf is Displayed
05:31:50.843 [main] INFO  - Selects BookShelf from Living Menu
05:31:56.320 [main] INFO  - Handles PopUp
05:31:57.345 [main] INFO  - Checks whether Price Filter is Displayed
05:32:20.354 [main] INFO  - Navigates Back to HomePage
05:32:45.310 [main] INFO  - Checking whether Living Menu is Displayed
05:32:45.745 [main] INFO  - Hovering Living Menu
05:32:45.745 [main] INFO  - Checks whether Bookshelf is Displayed
05:32:49.485 [main] INFO  - Selects BookShelf from Living Menu
05:32:54.943 [main] INFO  - Handles PopUp
05:32:56.152 [main] INFO  - Checks whether Price Filter is Displayed
05:33:42.331 [main] INFO  - Navigates Back to HomePage
05:33:50.784 [main] INFO  - Hovers Living Menu
05:34:34.360 [main] INFO  - Checking whether Living Menu is Displayed
05:34:34.694 [main] INFO  - Hovering Living Menu
05:34:34.694 [main] INFO  - Checks whether Bookshelf is Displayed
05:34:37.395 [main] INFO  - Selects BookShelf from Living Menu
05:34:42.660 [main] INFO  - Handles PopUp
05:34:43.385 [main] INFO  - Checks whether Price Filter is Displayed
05:34:51.267 [main] INFO  - Sets Price Range below Rs.15000
05:34:59.129 [main] INFO  - Selects Storage Type as Open
05:34:59.426 [main] INFO  - Checks Out of Stock CheckBox
05:34:59.902 [main] INFO  - Sorts Based on Highly Recommended
05:35:00.338 [main] INFO  - Displays First Three Products and its Prices
05:35:00.339 [main] INFO  - Displays First Three Products and its Prices
05:35:00.411 [main] INFO  - Displays First Three Products and its Prices
05:35:00.482 [main] INFO  - Displays First Three Products and its Prices
05:35:32.237 [main] INFO  - Navigates Back to HomePage
05:35:41.538 [main] INFO  - Hovers Living Menu
05:35:47.084 [main] INFO  - Collects all SubMenu items in a List and Displaying the same
05:36:00.579 [main] INFO  - Enters Search String Value from Feature File
05:36:01.226 [main] INFO  - Selects DropDown
05:36:01.460 [main] INFO  - Sorts Price from Low to High
05:36:01.610 [main] INFO  - Handles PopUp
05:36:11.694 [main] INFO  - Selects the Out of Stock Ribbon
05:36:12.066 [main] INFO  - Enters Mail ID from the Data Table in Feature File
05:36:17.236 [main] INFO  - Enters Number from the Data Table in Feature File
05:36:17.427 [main] INFO  - Enters Let Me Know Button after filling the fields
05:36:17.658 [main] INFO  - Validating Success Message
05:39:19.233 [main] INFO  - Checking whether Living Menu is Displayed
05:39:19.699 [main] INFO  - Hovering Living Menu
05:39:19.700 [main] INFO  - Checks whether Bookshelf is Displayed
05:39:23.280 [main] INFO  - Selects BookShelf from Living Menu
05:39:28.719 [main] INFO  - Handles PopUp
05:39:29.712 [main] INFO  - Checks whether Price Filter is Displayed
05:39:37.795 [main] INFO  - Sets Price Range below Rs.15000
05:39:45.640 [main] INFO  - Selects Storage Type as Open
05:39:45.992 [main] INFO  - Checks Out of Stock CheckBox
05:39:46.564 [main] INFO  - Sorts Based on Highly Recommended
05:39:47.242 [main] INFO  - Displays First Three Products and its Prices
05:39:47.242 [main] INFO  - Displays First Three Products and its Prices
05:39:47.524 [main] INFO  - Displays First Three Products and its Prices
05:39:47.584 [main] INFO  - Displays First Three Products and its Prices
05:40:21.899 [main] INFO  - Navigates Back to HomePage
05:40:30.458 [main] INFO  - Hovers Living Menu
05:40:35.992 [main] INFO  - Collects all SubMenu items in a List and Displaying the same
05:40:49.461 [main] INFO  - Enters Search String Value from Feature File
05:40:49.914 [main] INFO  - Selects DropDown
05:40:50.086 [main] INFO  - Sorts Price from Low to High
05:40:50.312 [main] INFO  - Handles PopUp
05:41:00.430 [main] INFO  - Selects the Out of Stock Ribbon
05:41:00.888 [main] INFO  - Enters Mail ID from the Data Table in Feature File
05:41:06.037 [main] INFO  - Enters Number from the Data Table in Feature File
05:41:06.213 [main] INFO  - Enters Let Me Know Button after filling the fields
05:41:06.426 [main] INFO  - Validating Success Message
10:20:20.803 [main] INFO  - Checking whether Living Menu is Displayed
10:20:21.013 [main] INFO  - Hovering Living Menu
10:20:21.013 [main] INFO  - Checks whether Bookshelf is Displayed
10:20:22.513 [main] INFO  - Selects BookShelf from Living Menu
10:20:27.709 [main] INFO  - Handles PopUp
10:20:28.097 [main] INFO  - Checks whether Price Filter is Displayed
10:20:36.008 [main] INFO  - Sets Price Range below Rs.15000
10:20:43.693 [main] INFO  - Selects Storage Type as Open
10:20:43.906 [main] INFO  - Checks Out of Stock CheckBox
10:20:44.259 [main] INFO  - Sorts Based on Highly Recommended
10:20:44.528 [main] INFO  - Displays First Three Products and its Prices
10:20:44.528 [main] INFO  - Displays First Three Products and its Prices
10:20:44.577 [main] INFO  - Displays First Three Products and its Prices
10:20:44.625 [main] INFO  - Displays First Three Products and its Prices
10:21:10.205 [main] INFO  - Navigates Back to HomePage
10:21:17.711 [main] INFO  - Hovers Living Menu
10:21:23.110 [main] INFO  - Collects all SubMenu items in a List and Displaying the same
10:21:36.070 [main] INFO  - Enters Search String Value from Feature File
10:21:36.286 [main] INFO  - Selects DropDown
10:21:36.414 [main] INFO  - Sorts Price from Low to High
10:21:36.492 [main] INFO  - Handles PopUp
10:21:46.571 [main] INFO  - Selects the Out of Stock Ribbon
10:21:46.897 [main] INFO  - Enters Mail ID from the Data Table in Feature File
10:21:52.027 [main] INFO  - Enters Number from the Data Table in Feature File
10:21:52.162 [main] INFO  - Enters Let Me Know Button after filling the fields
10:21:52.289 [main] INFO  - Validating Success Message
10:24:30.835 [main] INFO  - Checking whether Living Menu is Displayed
10:24:31.052 [main] INFO  - Hovering Living Menu
10:24:31.052 [main] INFO  - Checks whether Bookshelf is Displayed
10:24:32.766 [main] INFO  - Selects BookShelf from Living Menu
10:24:37.991 [main] INFO  - Handles PopUp
10:24:38.514 [main] INFO  - Checks whether Price Filter is Displayed
10:25:19.015 [main] INFO  - Navigates Back to HomePage
10:25:25.930 [main] INFO  - Hovers Living Menu
10:25:31.369 [main] INFO  - Collects all SubMenu items in a List and Displaying the same
10:25:43.575 [main] INFO  - Enters Search String Value from Feature File
10:25:43.900 [main] INFO  - Selects DropDown
10:25:43.991 [main] INFO  - Sorts Price from Low to High
10:25:44.104 [main] INFO  - Handles PopUp
10:25:54.180 [main] INFO  - Selects the Out of Stock Ribbon
10:25:54.546 [main] INFO  - Enters Mail ID from the Data Table in Feature File
10:27:23.289 [main] INFO  - Checking whether Living Menu is Displayed
10:27:23.482 [main] INFO  - Hovering Living Menu
10:27:23.482 [main] INFO  - Checks whether Bookshelf is Displayed
10:27:24.924 [main] INFO  - Selects BookShelf from Living Menu
10:27:30.128 [main] INFO  - Handles PopUp
10:27:30.531 [main] INFO  - Checks whether Price Filter is Displayed
10:27:38.195 [main] INFO  - Sets Price Range below Rs.15000
10:27:45.887 [main] INFO  - Selects Storage Type as Open
10:27:46.830 [main] INFO  - Checks Out of Stock CheckBox
10:27:47.364 [main] INFO  - Sorts Based on Highly Recommended
10:27:47.655 [main] INFO  - Displays First Three Products and its Prices
10:27:47.655 [main] INFO  - Displays First Three Products and its Prices
10:27:47.743 [main] INFO  - Displays First Three Products and its Prices
10:27:47.777 [main] INFO  - Displays First Three Products and its Prices
10:28:20.512 [main] INFO  - Navigates Back to HomePage
10:28:28.214 [main] INFO  - Hovers Living Menu
10:28:33.646 [main] INFO  - Collects all SubMenu items in a List and Displaying the same
10:28:46.474 [main] INFO  - Enters Search String Value from Feature File
10:28:46.768 [main] INFO  - Selects DropDown
10:28:46.854 [main] INFO  - Sorts Price from Low to High
10:28:46.949 [main] INFO  - Handles PopUp
10:28:57.021 [main] INFO  - Selects the Out of Stock Ribbon
10:28:57.304 [main] INFO  - Enters Mail ID from the Data Table in Feature File
10:29:02.428 [main] INFO  - Enters Number from the Data Table in Feature File
10:29:02.536 [main] INFO  - Enters Let Me Know Button after filling the fields
10:29:02.649 [main] INFO  - Validating Success Message
10:32:22.670 [main] INFO  - Checking whether Living Menu is Displayed
10:32:22.918 [main] INFO  - Hovering Living Menu
10:32:22.918 [main] INFO  - Checks whether Bookshelf is Displayed
10:32:24.284 [main] INFO  - Selects BookShelf from Living Menu
10:32:29.485 [main] INFO  - Handles PopUp
10:32:29.930 [main] INFO  - Checks whether Price Filter is Displayed
10:32:37.615 [main] INFO  - Sets Price Range below Rs.15000
10:32:45.273 [main] INFO  - Selects Storage Type as Open
10:32:45.491 [main] INFO  - Checks Out of Stock CheckBox
10:32:45.824 [main] INFO  - Sorts Based on Highly Recommended
10:32:46.184 [main] INFO  - Displays First Three Products and its Prices
10:32:46.185 [main] INFO  - Displays First Three Products and its Prices
10:32:46.248 [main] INFO  - Displays First Three Products and its Prices
10:32:46.317 [main] INFO  - Displays First Three Products and its Prices
10:33:21.084 [main] INFO  - Navigates Back to HomePage
10:33:28.646 [main] INFO  - Hovers Living Menu
10:33:34.046 [main] INFO  - Collects all SubMenu items in a List and Displaying the same
10:33:46.392 [main] INFO  - Enters Search String Value from Feature File
10:33:46.682 [main] INFO  - Selects DropDown
10:33:46.850 [main] INFO  - Sorts Price from Low to High
10:33:46.930 [main] INFO  - Handles PopUp
10:33:56.995 [main] INFO  - Selects the Out of Stock Ribbon
10:33:57.306 [main] INFO  - Enters Mail ID from the Data Table in Feature File
10:34:02.450 [main] INFO  - Enters Number from the Data Table in Feature File
10:34:02.578 [main] INFO  - Enters Let Me Know Button after filling the fields
10:34:02.757 [main] INFO  - Validating Success Message
